<?xml version="1.0" encoding="UTF-8"?>
<testsuite name="com.bridgelabz.userRegistration.UserRegistrationTest" tests="4" skipped="0" failures="0" errors="0" timestamp="2020-04-01T18:17:45" hostname="LAPTOP-N28KL0SO" time="0.004">
  <properties/>
  <testcase name="givenUserLastName_validThenTrue" classname="com.bridgelabz.userRegistration.UserRegistrationTest" time="0.001"/>
  <testcase name="givenUserFirstName_validThenTrue" classname="com.bridgelabz.userRegistration.UserRegistrationTest" time="0.001"/>
  <testcase name="givenUserFirstName_invalidThenFalse" classname="com.bridgelabz.userRegistration.UserRegistrationTest" time="0.001"/>
  <testcase name="givenUserLastName_invalidThenFalse" classname="com.bridgelabz.userRegistration.UserRegistrationTest" time="0.001"/>
  <system-out><![CDATA[]]></system-out>
  <system-err><![CDATA[]]></system-err>
</testsuite>
