<?xml version="1.0" encoding="UTF-8"?>
<testsuite name="com.bridgelabz.userRegistration.UserRegistrationTest" tests="3" skipped="0" failures="0" errors="0" timestamp="2020-04-02T03:25:32" hostname="LAPTOP-N28KL0SO" time="0.003">
  <properties/>
  <testcase name="givenUserLastName_validThenTrue" classname="com.bridgelabz.userRegistration.UserRegistrationTest" time="0.001"/>
  <testcase name="givenUserFirstName_validThenTrue" classname="com.bridgelabz.userRegistration.UserRegistrationTest" time="0.0"/>
  <testcase name="givenEmailId_validThenTrue" classname="com.bridgelabz.userRegistration.UserRegistrationTest" time="0.0"/>
  <system-out><![CDATA[]]></system-out>
  <system-err><![CDATA[]]></system-err>
</testsuite>
