<?xml version="1.0" encoding="UTF-8"?>
<testsuite name="com.bridgelabz.userRegistration.UserRegistrationTest" tests="1" skipped="0" failures="0" errors="0" timestamp="2020-04-02T18:07:22" hostname="LAPTOP-N28KL0SO" time="0.002">
  <properties/>
  <testcase name="givenPassword_validThenTrue" classname="com.bridgelabz.userRegistration.UserRegistrationTest" time="0.002"/>
  <system-out><![CDATA[]]></system-out>
  <system-err><![CDATA[]]></system-err>
</testsuite>
